{"/Users/harttle/repos/brick-less/test.js":{"path":"/Users/harttle/repos/brick-less/test.js","s":{"1":1,"2":1,"3":1,"4":1,"5":1,"6":1,"7":1,"8":1,"9":1,"10":1,"11":3,"12":1,"13":1,"14":1,"15":1,"16":1,"17":1,"18":1,"19":6,"20":1,"21":3},"b":{},"f":{"1":1,"2":3,"3":1,"4":1,"5":1,"6":6,"7":3},"fnMap":{"1":{"name":"(anonymous_1)","line":14,"loc":{"start":{"line":14,"column":26},"end":{"line":14,"column":37}}},"2":{"name":"(anonymous_2)","line":16,"loc":{"start":{"line":16,"column":15},"end":{"line":16,"column":26}}},"3":{"name":"(anonymous_3)","line":19,"loc":{"start":{"line":19,"column":41},"end":{"line":19,"column":52}}},"4":{"name":"(anonymous_4)","line":23,"loc":{"start":{"line":23,"column":37},"end":{"line":23,"column":48}}},"5":{"name":"(anonymous_5)","line":27,"loc":{"start":{"line":27,"column":38},"end":{"line":27,"column":49}}},"6":{"name":"path","line":33,"loc":{"start":{"line":33,"column":0},"end":{"line":33,"column":16}}},"7":{"name":"src","line":37,"loc":{"start":{"line":37,"column":0},"end":{"line":37,"column":15}}}},"statementMap":{"1":{"start":{"line":1,"column":0},"end":{"line":1,"column":27}},"2":{"start":{"line":2,"column":0},"end":{"line":2,"column":27}},"3":{"start":{"line":3,"column":0},"end":{"line":3,"column":29}},"4":{"start":{"line":4,"column":0},"end":{"line":4,"column":27}},"5":{"start":{"line":5,"column":0},"end":{"line":5,"column":23}},"6":{"start":{"line":6,"column":0},"end":{"line":6,"column":38}},"7":{"start":{"line":8,"column":0},"end":{"line":12,"column":2}},"8":{"start":{"line":14,"column":0},"end":{"line":31,"column":3}},"9":{"start":{"line":15,"column":4},"end":{"line":15,"column":53}},"10":{"start":{"line":16,"column":4},"end":{"line":18,"column":7}},"11":{"start":{"line":17,"column":8},"end":{"line":17,"column":39}},"12":{"start":{"line":19,"column":4},"end":{"line":22,"column":7}},"13":{"start":{"line":20,"column":8},"end":{"line":21,"column":62}},"14":{"start":{"line":23,"column":4},"end":{"line":26,"column":7}},"15":{"start":{"line":24,"column":8},"end":{"line":25,"column":68}},"16":{"start":{"line":27,"column":4},"end":{"line":30,"column":7}},"17":{"start":{"line":28,"column":8},"end":{"line":29,"column":69}},"18":{"start":{"line":33,"column":0},"end":{"line":35,"column":1}},"19":{"start":{"line":34,"column":4},"end":{"line":34,"column":47}},"20":{"start":{"line":37,"column":0},"end":{"line":39,"column":1}},"21":{"start":{"line":38,"column":4},"end":{"line":38,"column":45}}},"branchMap":{}},"/Users/harttle/repos/brick-less/index.js":{"path":"/Users/harttle/repos/brick-less/index.js","s":{"1":1,"2":1,"3":1,"4":3,"5":3,"6":1,"7":3,"8":3,"9":3,"10":1,"11":3,"12":3,"13":2,"14":2,"15":3,"16":1,"17":3,"18":3,"19":3,"20":1,"21":0,"22":0,"23":0,"24":0,"25":1,"26":3,"27":3,"28":3,"29":1,"30":3},"b":{"1":[0,3],"2":[3,0],"3":[3,0],"4":[3,0]},"f":{"1":3,"2":3,"3":3,"4":3,"5":0,"6":3},"fnMap":{"1":{"name":"BrickLess","line":15,"loc":{"start":{"line":15,"column":0},"end":{"line":15,"column":28}}},"2":{"name":"(anonymous_2)","line":20,"loc":{"start":{"line":20,"column":29},"end":{"line":20,"column":55}}},"3":{"name":"parse","line":28,"loc":{"start":{"line":28,"column":0},"end":{"line":28,"column":31}}},"4":{"name":"compile","line":37,"loc":{"start":{"line":37,"column":0},"end":{"line":37,"column":30}}},"5":{"name":"compileError","line":43,"loc":{"start":{"line":43,"column":0},"end":{"line":43,"column":25}}},"6":{"name":"src","line":50,"loc":{"start":{"line":50,"column":0},"end":{"line":50,"column":19}}}},"statementMap":{"1":{"start":{"line":1,"column":0},"end":{"line":5,"column":49}},"2":{"start":{"line":7,"column":0},"end":{"line":13,"column":6}},"3":{"start":{"line":15,"column":0},"end":{"line":18,"column":1}},"4":{"start":{"line":16,"column":4},"end":{"line":16,"column":54}},"5":{"start":{"line":17,"column":4},"end":{"line":17,"column":43}},"6":{"start":{"line":20,"column":0},"end":{"line":26,"column":2}},"7":{"start":{"line":21,"column":4},"end":{"line":25,"column":12}},"8":{"start":{"line":22,"column":21},"end":{"line":22,"column":42}},"9":{"start":{"line":23,"column":21},"end":{"line":25,"column":10}},"10":{"start":{"line":28,"column":0},"end":{"line":35,"column":1}},"11":{"start":{"line":29,"column":4},"end":{"line":29,"column":20}},"12":{"start":{"line":30,"column":4},"end":{"line":33,"column":7}},"13":{"start":{"line":31,"column":8},"end":{"line":31,"column":35}},"14":{"start":{"line":32,"column":8},"end":{"line":32,"column":18}},"15":{"start":{"line":34,"column":4},"end":{"line":34,"column":51}},"16":{"start":{"line":37,"column":0},"end":{"line":41,"column":1}},"17":{"start":{"line":38,"column":4},"end":{"line":40,"column":64}},"18":{"start":{"line":39,"column":8},"end":{"line":40,"column":62}},"19":{"start":{"line":40,"column":12},"end":{"line":40,"column":61}},"20":{"start":{"line":43,"column":0},"end":{"line":48,"column":1}},"21":{"start":{"line":44,"column":4},"end":{"line":44,"column":26}},"22":{"start":{"line":45,"column":4},"end":{"line":45,"column":40}},"23":{"start":{"line":46,"column":4},"end":{"line":46,"column":43}},"24":{"start":{"line":47,"column":4},"end":{"line":47,"column":15}},"25":{"start":{"line":50,"column":0},"end":{"line":55,"column":1}},"26":{"start":{"line":51,"column":4},"end":{"line":54,"column":12}},"27":{"start":{"line":52,"column":8},"end":{"line":54,"column":10}},"28":{"start":{"line":53,"column":12},"end":{"line":53,"column":67}},"29":{"start":{"line":57,"column":0},"end":{"line":57,"column":51}},"30":{"start":{"line":57,"column":28},"end":{"line":57,"column":50}}},"branchMap":{"1":{"line":40,"type":"cond-expr","locations":[{"start":{"line":40,"column":16},"end":{"line":40,"column":39}},{"start":{"line":40,"column":42},"end":{"line":40,"column":61}}]},"2":{"line":53,"type":"cond-expr","locations":[{"start":{"line":53,"column":42},"end":{"line":53,"column":57}},{"start":{"line":53,"column":60},"end":{"line":53,"column":66}}]},"3":{"line":53,"type":"binary-expr","locations":[{"start":{"line":53,"column":19},"end":{"line":53,"column":21}},{"start":{"line":53,"column":25},"end":{"line":53,"column":39}}]},"4":{"line":53,"type":"binary-expr","locations":[{"start":{"line":53,"column":46},"end":{"line":53,"column":50}},{"start":{"line":53,"column":54},"end":{"line":53,"column":56}}]}}}}