TN:
SF:/Users/harttle/repos/brick-less/test.js
FN:14,(anonymous_1)
FN:16,(anonymous_2)
FN:19,(anonymous_3)
FN:23,(anonymous_4)
FN:27,(anonymous_5)
FN:33,path
FN:37,src
FNF:7
FNH:7
FNDA:1,(anonymous_1)
FNDA:3,(anonymous_2)
FNDA:1,(anonymous_3)
FNDA:1,(anonymous_4)
FNDA:1,(anonymous_5)
FNDA:6,path
FNDA:3,src
DA:1,1
DA:2,1
DA:3,1
DA:4,1
DA:5,1
DA:6,1
DA:8,1
DA:14,1
DA:15,1
DA:16,1
DA:17,3
DA:19,1
DA:20,1
DA:23,1
DA:24,1
DA:27,1
DA:28,1
DA:33,1
DA:34,6
DA:37,1
DA:38,3
LF:21
LH:21
BRF:0
BRH:0
end_of_record
TN:
SF:/Users/harttle/repos/brick-less/index.js
FN:15,BrickLess
FN:20,(anonymous_2)
FN:28,parse
FN:37,compile
FN:43,compileError
FN:50,src
FNF:6
FNH:5
FNDA:3,BrickLess
FNDA:3,(anonymous_2)
FNDA:3,parse
FNDA:3,compile
FNDA:0,compileError
FNDA:3,src
DA:1,1
DA:7,1
DA:15,1
DA:16,3
DA:17,3
DA:20,1
DA:21,3
DA:22,3
DA:23,3
DA:28,1
DA:29,3
DA:30,3
DA:31,2
DA:32,2
DA:34,3
DA:37,1
DA:38,3
DA:39,3
DA:40,3
DA:43,1
DA:44,0
DA:45,0
DA:46,0
DA:47,0
DA:50,1
DA:51,3
DA:52,3
DA:53,3
DA:57,3
LF:29
LH:25
BRDA:40,1,0,0
BRDA:40,1,1,3
BRDA:53,2,0,3
BRDA:53,2,1,0
BRDA:53,3,0,3
BRDA:53,3,1,0
BRDA:53,4,0,3
BRDA:53,4,1,0
BRF:8
BRH:4
end_of_record
